{"message":"Initializing Reshuffle","level":"info","timestamp":"2020-11-14T08:18:45.810Z"}
{"message":"Registering event HTTP/GET/test/FfWlGqWrLdeYSwIbMXCJs","level":"info","timestamp":"2020-11-14T08:18:45.813Z"}
{"message":"Initializing Reshuffle","level":"info","timestamp":"2020-11-14T08:19:05.565Z"}
{"message":"Registering event HTTP/GET/test/lHGvnBMhSCcgxl0E3G05i","level":"info","timestamp":"2020-11-14T08:19:05.568Z"}
{"message":"Initializing Reshuffle","level":"info","timestamp":"2020-11-14T08:30:00.489Z"}
{"message":"Registering event HTTP/GET/test/IQwrbJaHpFZwBKFeZbPIj","level":"info","timestamp":"2020-11-14T08:30:00.494Z"}
{"message":"Initializing Reshuffle","level":"info","timestamp":"2020-11-14T08:31:59.446Z"}
{"message":"Registering event HTTP/GET/test/RYWgRgWRyYdXzJ-zpIvDh","level":"info","timestamp":"2020-11-14T08:31:59.461Z"}
{"message":"Web server listening on port 8000","level":"info","timestamp":"2020-11-14T08:31:59.491Z"}
{"message":"Handling event","level":"info","timestamp":"2020-11-14T08:32:03.145Z"}
{"message":"No handler registered for GET /favicon.ico","level":"info","timestamp":"2020-11-14T08:32:04.481Z"}
{"message":"Initializing Reshuffle","level":"info","timestamp":"2020-11-15T00:26:19.955Z"}
{"message":"Initializing Reshuffle","level":"info","timestamp":"2020-11-15T02:08:09.925Z"}
{"message":"Registering event follow:taylorswift13","level":"info","timestamp":"2020-11-15T02:08:09.937Z"}
{"message":"Initializing Reshuffle","level":"info","timestamp":"2020-11-15T02:13:31.669Z"}
{"message":"Registering event follow:taylorswift13","level":"info","timestamp":"2020-11-15T02:13:31.673Z"}
{"message":"Initializing Reshuffle","level":"info","timestamp":"2020-11-15T03:41:54.110Z"}
{"message":"Registering event search:#hahahtest123","level":"info","timestamp":"2020-11-15T03:41:54.116Z"}
{"message":"Initializing Reshuffle","level":"info","timestamp":"2020-11-15T07:34:56.478Z"}
{"message":"Registering event search:#hahahutest123","level":"info","timestamp":"2020-11-15T07:34:56.483Z"}
{"message":"Initializing Reshuffle","level":"info","timestamp":"2020-11-15T09:50:13.351Z"}
{"message":"Initializing Reshuffle","level":"info","timestamp":"2020-11-15T10:33:08.515Z"}
{"message":"Initializing Reshuffle","level":"info","timestamp":"2020-11-15T10:36:19.201Z"}
{"message":"Initializing Reshuffle","level":"info","timestamp":"2020-11-15T10:37:01.122Z"}
{"message":"Initializing Reshuffle","level":"info","timestamp":"2020-11-15T10:37:21.169Z"}
{"message":"Registering event search:#hahahutest123","level":"info","timestamp":"2020-11-15T10:37:21.177Z"}
{"message":"Initializing Reshuffle","level":"info","timestamp":"2020-11-15T10:37:41.251Z"}
{"message":"Registering event search:#hahahutest123","level":"info","timestamp":"2020-11-15T10:37:41.266Z"}
{"message":"Initializing Reshuffle","level":"info","timestamp":"2020-11-15T10:44:14.259Z"}
{"message":"Initializing Reshuffle","level":"info","timestamp":"2020-11-15T10:46:46.598Z"}
